2019-06-11 17:02:26 INFO  MainClass:13 - ВАЖНОЕ ОБЪЯВЛЕНИЕ >>> Подготовка!!!
2019-06-11 17:02:26 INFO  MainClass:39 - Участник #1 готовится
2019-06-11 17:02:26 INFO  MainClass:39 - Участник #2 готовится
2019-06-11 17:02:26 INFO  MainClass:39 - Участник #3 готовится
2019-06-11 17:02:26 INFO  MainClass:39 - Участник #4 готовится
2019-06-11 17:02:27 INFO  MainClass:42 - Участник #2 готов
2019-06-11 17:02:27 INFO  MainClass:42 - Участник #1 готов
2019-06-11 17:02:27 INFO  MainClass:42 - Участник #3 готов
2019-06-11 17:02:27 INFO  MainClass:42 - Участник #4 готов
2019-06-11 17:02:27 INFO  MainClass:38 - ВАЖНОЕ ОБЪЯВЛЕНИЕ >>> Гонка началась!!!
2019-06-11 17:02:27 INFO  MainClass:10 - Участник #2 начал этап: Дорога 60 метров
2019-06-11 17:02:27 INFO  MainClass:10 - Участник #1 начал этап: Дорога 60 метров
2019-06-11 17:02:27 INFO  MainClass:10 - Участник #3 начал этап: Дорога 60 метров
2019-06-11 17:02:27 INFO  MainClass:10 - Участник #4 начал этап: Дорога 60 метров
2019-06-11 17:02:29 INFO  MainClass:13 - Участник #2 закончил этап: Дорога 60 метров
2019-06-11 17:02:29 INFO  MainClass:13 - Участник #3 закончил этап: Дорога 60 метров
2019-06-11 17:02:29 INFO  MainClass:13 - Участник #1 закончил этап: Дорога 60 метров
2019-06-11 17:02:29 INFO  MainClass:17 - Участник #3 готовится к этапу(ждет): Тоннель 80 метров
2019-06-11 17:02:29 INFO  MainClass:17 - Участник #2 готовится к этапу(ждет): Тоннель 80 метров
2019-06-11 17:02:29 INFO  MainClass:13 - Участник #4 закончил этап: Дорога 60 метров
2019-06-11 17:02:29 INFO  MainClass:20 - Участник #2 начал этап: Тоннель 80 метров
2019-06-11 17:02:29 INFO  MainClass:20 - Участник #3 начал этап: Тоннель 80 метров
2019-06-11 17:02:29 INFO  MainClass:17 - Участник #1 готовится к этапу(ждет): Тоннель 80 метров
2019-06-11 17:02:29 INFO  MainClass:17 - Участник #4 готовится к этапу(ждет): Тоннель 80 метров
2019-06-11 17:02:31 INFO  MainClass:26 - Участник #2 закончил этап: Тоннель 80 метров
2019-06-11 17:02:31 INFO  MainClass:10 - Участник #2 начал этап: Дорога 40 метров
2019-06-11 17:02:31 INFO  MainClass:20 - Участник #1 начал этап: Тоннель 80 метров
2019-06-11 17:02:32 INFO  MainClass:13 - Участник #2 закончил этап: Дорога 40 метров
2019-06-11 17:02:32 INFO  MainClass:26 - Участник #3 закончил этап: Тоннель 80 метров
2019-06-11 17:02:32 INFO  MainClass:54 - Участник #2 - WIN
2019-06-11 17:02:32 INFO  MainClass:20 - Участник #4 начал этап: Тоннель 80 метров
2019-06-11 17:02:32 INFO  MainClass:10 - Участник #3 начал этап: Дорога 40 метров
2019-06-11 17:02:33 INFO  MainClass:13 - Участник #3 закончил этап: Дорога 40 метров
2019-06-11 17:02:34 INFO  MainClass:26 - Участник #1 закончил этап: Тоннель 80 метров
2019-06-11 17:02:34 INFO  MainClass:10 - Участник #1 начал этап: Дорога 40 метров
2019-06-11 17:02:35 INFO  MainClass:13 - Участник #1 закончил этап: Дорога 40 метров
2019-06-11 17:02:35 INFO  MainClass:26 - Участник #4 закончил этап: Тоннель 80 метров
2019-06-11 17:02:35 INFO  MainClass:10 - Участник #4 начал этап: Дорога 40 метров
2019-06-11 17:02:36 INFO  MainClass:13 - Участник #4 закончил этап: Дорога 40 метров
2019-06-11 17:02:36 INFO  MainClass:45 - ВАЖНОЕ ОБЪЯВЛЕНИЕ >>> Гонка закончилась!!!
